{
  "stats": {
    "suites": 1,
    "tests": 4,
    "passes": 4,
    "pending": 0,
    "failures": 0,
    "start": "2024-07-30T12:12:36.107Z",
    "end": "2024-07-30T12:12:39.418Z",
    "duration": 3311,
    "testsRegistered": 4,
    "passPercent": 100,
    "pendingPercent": 0,
    "other": 0,
    "hasOther": false,
    "skipped": 0,
    "hasSkipped": false
  },
  "results": [
    {
      "uuid": "3da1ab94-cddc-4666-b1cf-3387d5c58f8f",
      "title": "",
      "fullFile": "cypress\\e2e\\exercicio3.cy.js",
      "file": "cypress\\e2e\\exercicio3.cy.js",
      "beforeHooks": [],
      "afterHooks": [],
      "tests": [],
      "suites": [
        {
          "uuid": "f6237b09-57ec-4367-86b1-33c616fcf1f5",
          "title": "Exercicío 3",
          "fullFile": "",
          "file": "",
          "beforeHooks": [],
          "afterHooks": [],
          "tests": [
            {
              "title": "Verifique se o title com o texto “AdoPet” está presente no html.",
              "fullTitle": "Exercicío 3 Verifique se o title com o texto “AdoPet” está presente no html.",
              "timedOut": null,
              "duration": 191,
              "state": "passed",
              "speed": "fast",
              "pass": true,
              "fail": false,
              "pending": false,
              "context": null,
              "code": "cy.title().should('eq', 'AdoPet');",
              "err": {},
              "uuid": "59e9c1c9-18cf-4163-8bc5-7482268b03d6",
              "parentUUID": "f6237b09-57ec-4367-86b1-33c616fcf1f5",
              "isHook": false,
              "skipped": false
            },
            {
              "title": "Verificar se o texto \"Quem ama adota!\" está presente no html",
              "fullTitle": "Exercicío 3 Verificar se o texto \"Quem ama adota!\" está presente no html",
              "timedOut": null,
              "duration": 430,
              "state": "passed",
              "speed": "fast",
              "pass": true,
              "fail": false,
              "pending": false,
              "context": null,
              "code": "cy.contains('p', 'Quem ama adota!').should('be.visible');",
              "err": {},
              "uuid": "a03137b6-ce94-4be8-9b98-edb589539e0f",
              "parentUUID": "f6237b09-57ec-4367-86b1-33c616fcf1f5",
              "isHook": false,
              "skipped": false
            },
            {
              "title": "Verificar se o texto \"Adotar pode mudar uma vida. Que tal buscar seu novo melhor amigo hoje? Vem com a gente!\" está presente no html",
              "fullTitle": "Exercicío 3 Verificar se o texto \"Adotar pode mudar uma vida. Que tal buscar seu novo melhor amigo hoje? Vem com a gente!\" está presente no html",
              "timedOut": null,
              "duration": 246,
              "state": "passed",
              "speed": "fast",
              "pass": true,
              "fail": false,
              "pending": false,
              "context": null,
              "code": "cy.contains('p', 'Adotar pode mudar uma vida. Que tal buscar seu novo melhor amigo hoje? Vem com a gente!').should('be.visible');",
              "err": {},
              "uuid": "cd810544-ca68-41cd-bd1e-52b7a45c9301",
              "parentUUID": "f6237b09-57ec-4367-86b1-33c616fcf1f5",
              "isHook": false,
              "skipped": false
            },
            {
              "title": "Fluxo de login pelo ícone de mensagem no header com login válido",
              "fullTitle": "Exercicío 3 Fluxo de login pelo ícone de mensagem no header com login válido",
              "timedOut": null,
              "duration": 1287,
              "state": "passed",
              "speed": "fast",
              "pass": true,
              "fail": false,
              "pending": false,
              "context": null,
              "code": "cy.get('.header__message').click();\ncy.login('ana@email.com', 'Senha123');",
              "err": {},
              "uuid": "6c445ef6-01c1-408b-8985-05163b55cccf",
              "parentUUID": "f6237b09-57ec-4367-86b1-33c616fcf1f5",
              "isHook": false,
              "skipped": false
            }
          ],
          "suites": [],
          "passes": [
            "59e9c1c9-18cf-4163-8bc5-7482268b03d6",
            "a03137b6-ce94-4be8-9b98-edb589539e0f",
            "cd810544-ca68-41cd-bd1e-52b7a45c9301",
            "6c445ef6-01c1-408b-8985-05163b55cccf"
          ],
          "failures": [],
          "pending": [],
          "skipped": [],
          "duration": 2154,
          "root": false,
          "rootEmpty": false,
          "_timeout": 2000
        }
      ],
      "passes": [],
      "failures": [],
      "pending": [],
      "skipped": [],
      "duration": 0,
      "root": true,
      "rootEmpty": true,
      "_timeout": 2000
    }
  ],
  "meta": {
    "mocha": {
      "version": "7.0.1"
    },
    "mochawesome": {
      "options": {
        "quiet": false,
        "reportFilename": "mochawesome",
        "saveHtml": true,
        "saveJson": true,
        "consoleReporter": "spec",
        "useInlineDiffs": false,
        "code": true
      },
      "version": "7.1.3"
    },
    "marge": {
      "options": {
        "reportDir": "cypress/results",
        "overwrite": false,
        "html": true,
        "json": true,
        "timestamp": "mmddyyyy_HHMMss"
      },
      "version": "6.2.0"
    }
  }
}