{
  "stats": {
    "suites": 1,
    "tests": 5,
    "passes": 5,
    "pending": 0,
    "failures": 0,
    "start": "2024-07-30T12:20:59.767Z",
    "end": "2024-07-30T12:21:03.829Z",
    "duration": 4062,
    "testsRegistered": 5,
    "passPercent": 100,
    "pendingPercent": 0,
    "other": 0,
    "hasOther": false,
    "skipped": 0,
    "hasSkipped": false
  },
  "results": [
    {
      "uuid": "4a106ce4-683f-46fe-8b49-6a0c9f3f9392",
      "title": "",
      "fullFile": "cypress\\e2e\\exercicio1.cy.js",
      "file": "cypress\\e2e\\exercicio1.cy.js",
      "beforeHooks": [],
      "afterHooks": [],
      "tests": [],
      "suites": [
        {
          "uuid": "bf3ebdad-d112-4936-a253-8b77b59f8a54",
          "title": "Exercicío 1",
          "fullFile": "",
          "file": "",
          "beforeHooks": [],
          "afterHooks": [],
          "tests": [
            {
              "title": "Testar o botão \"Ver pets disponíveis para adoção”",
              "fullTitle": "Exercicío 1 Testar o botão \"Ver pets disponíveis para adoção”",
              "timedOut": null,
              "duration": 655,
              "state": "passed",
              "speed": "fast",
              "pass": true,
              "fail": false,
              "pending": false,
              "context": null,
              "code": "cy.get('.button').click();",
              "err": {},
              "uuid": "9efe7f2b-eda0-4f5e-91e6-7887c32efa10",
              "parentUUID": "bf3ebdad-d112-4936-a253-8b77b59f8a54",
              "isHook": false,
              "skipped": false
            },
            {
              "title": "Tester o botão home",
              "fullTitle": "Exercicío 1 Tester o botão home",
              "timedOut": null,
              "duration": 203,
              "state": "passed",
              "speed": "fast",
              "pass": true,
              "fail": false,
              "pending": false,
              "context": null,
              "code": "cy.get('.header__home').click();",
              "err": {},
              "uuid": "c64289ae-7fa5-4f3e-bd9c-bd9c18326d6c",
              "parentUUID": "bf3ebdad-d112-4936-a253-8b77b59f8a54",
              "isHook": false,
              "skipped": false
            },
            {
              "title": "Carregar a pagina de /login",
              "fullTitle": "Exercicío 1 Carregar a pagina de /login",
              "timedOut": null,
              "duration": 202,
              "state": "passed",
              "speed": "fast",
              "pass": true,
              "fail": false,
              "pending": false,
              "context": null,
              "code": "cy.visit('https://adopet-frontend-cypress.vercel.app/login');",
              "err": {},
              "uuid": "164e405d-71ad-4bc9-a58b-da07f1e2c499",
              "parentUUID": "bf3ebdad-d112-4936-a253-8b77b59f8a54",
              "isHook": false,
              "skipped": false
            },
            {
              "title": "Carregar a pagina /home",
              "fullTitle": "Exercicío 1 Carregar a pagina /home",
              "timedOut": null,
              "duration": 646,
              "state": "passed",
              "speed": "fast",
              "pass": true,
              "fail": false,
              "pending": false,
              "context": null,
              "code": "cy.visit('https://adopet-frontend-cypress.vercel.app/home');",
              "err": {},
              "uuid": "d609325f-bfe4-4daa-9363-cde65ee2fad0",
              "parentUUID": "bf3ebdad-d112-4936-a253-8b77b59f8a54",
              "isHook": false,
              "skipped": false
            },
            {
              "title": "Carregar a pagina /home e clicar no botão \"Falar com responsável\"",
              "fullTitle": "Exercicío 1 Carregar a pagina /home e clicar no botão \"Falar com responsável\"",
              "timedOut": null,
              "duration": 861,
              "state": "passed",
              "speed": "fast",
              "pass": true,
              "fail": false,
              "pending": false,
              "context": null,
              "code": "cy.visit('https://adopet-frontend-cypress.vercel.app/home');\ncy.get('.card__contact').first().click();",
              "err": {},
              "uuid": "359574ef-f5fb-40c3-b82c-b92c9c8ffa4b",
              "parentUUID": "bf3ebdad-d112-4936-a253-8b77b59f8a54",
              "isHook": false,
              "skipped": false
            }
          ],
          "suites": [],
          "passes": [
            "9efe7f2b-eda0-4f5e-91e6-7887c32efa10",
            "c64289ae-7fa5-4f3e-bd9c-bd9c18326d6c",
            "164e405d-71ad-4bc9-a58b-da07f1e2c499",
            "d609325f-bfe4-4daa-9363-cde65ee2fad0",
            "359574ef-f5fb-40c3-b82c-b92c9c8ffa4b"
          ],
          "failures": [],
          "pending": [],
          "skipped": [],
          "duration": 2567,
          "root": false,
          "rootEmpty": false,
          "_timeout": 2000
        }
      ],
      "passes": [],
      "failures": [],
      "pending": [],
      "skipped": [],
      "duration": 0,
      "root": true,
      "rootEmpty": true,
      "_timeout": 2000
    }
  ],
  "meta": {
    "mocha": {
      "version": "7.0.1"
    },
    "mochawesome": {
      "options": {
        "quiet": false,
        "reportFilename": "mochawesome",
        "saveHtml": true,
        "saveJson": true,
        "consoleReporter": "spec",
        "useInlineDiffs": false,
        "code": true
      },
      "version": "7.1.3"
    },
    "marge": {
      "options": {
        "reportDir": "cypress/results",
        "overwrite": false,
        "html": true,
        "json": true,
        "timestamp": "mmddyyyy_HHMMss"
      },
      "version": "6.2.0"
    }
  }
}